<?xml version="1.0" encoding="UTF-8"?>
<Site BuildName="Linux-g++-9"
	BuildStamp="20201229-2239-Experimental"
	Name="TeknolojikPanda-PC"
	Generator="ctest-3.16.3"
	CompilerName="/bin/g++-9"
	CompilerVersion="9.3.0"
	OSName="Linux"
	Hostname="TeknolojikPanda-PC"
	OSRelease="4.19.128-microsoft-standard"
	OSVersion="#1 SMP Tue Jun 23 12:58:10 UTC 2020"
	OSPlatform="x86_64"
	Is64Bits="1"
	VendorString="GenuineIntel"
	VendorID="Intel Corporation"
	FamilyID="6"
	ModelID="94"
	ProcessorCacheSize="6144"
	NumberOfLogicalCPU="8"
	NumberOfPhysicalCPU="4"
	TotalVirtualMemory="4096"
	TotalPhysicalMemory="12681"
	LogicalProcessorsPerPhysical="2"
	ProcessorClockFrequency="2592"
	>
	<Testing>
		<StartDateTime>Dec 30 01:39 +03</StartDateTime>
		<StartTestTime>1609281562</StartTestTime>
		<TestList/>
		<EndDateTime>Dec 30 01:39 +03</EndDateTime>
		<EndTestTime>1609281562</EndTestTime>
		<ElapsedMinutes>0</ElapsedMinutes>
	</Testing>
</Site>
